checking for a BSD-compatible install... /usr/bin/install -c
checking whether build environment is sane... yes
checking for a thread-safe mkdir -p... /usr/bin/mkdir -p
checking for gawk... gawk
checking whether make sets $(MAKE)... yes
checking for pkg-config... /usr/bin/pkg-config
Package gtksourceview-1.0 was not found in the pkg-config search path.
Perhaps you should add the directory containing `gtksourceview-1.0.pc'
to the PKG_CONFIG_PATH environment variable
No package 'gtksourceview-1.0' found
checking for mono... /usr/bin/mono
checking for gacutil... /usr/bin/gacutil
configure: creating ./config.status
config.status: creating Makefile
config.status: creating bin/Makefile
config.status: creating extras/Makefile
config.status: creating extras/booc
config.status: creating extras/booi
config.status: creating extras/booish
config.status: creating extras/boo.pc

	Summary:

	shared-mime-info prefix: /usr
	gtksourceview-1.0 prefix: 
	boo prefix: /usr

Making all in bin
make[1]: Entering directory '/build/boo/src/boo-0.9.4.9/bin'
make[1]: Nothing to be done for 'all'.
make[1]: Leaving directory '/build/boo/src/boo-0.9.4.9/bin'
Making all in extras
make[1]: Entering directory '/build/boo/src/boo-0.9.4.9/extras'
make[1]: Nothing to be done for 'all'.
make[1]: Leaving directory '/build/boo/src/boo-0.9.4.9/extras'
make[1]: Entering directory '/build/boo/src/boo-0.9.4.9'
make[1]: Nothing to be done for 'all-am'.
make[1]: Leaving directory '/build/boo/src/boo-0.9.4.9'
