addons
id1
ktx
ktx/configs
ktx/configs/usermodes
ktx/configs/usermodes/10on10
ktx/configs/usermodes/1on1
ktx/configs/usermodes/1on1/ra
ktx/configs/usermodes/2on2
ktx/configs/usermodes/3on3
ktx/configs/usermodes/4on4
ktx/configs/usermodes/ca
ktx/configs/usermodes/ctf
ktx/configs/usermodes/ffa
ktx/configs/usermodes/matchless
ktx/demos
ktx/modes
ktx/modes/1on1
ktx/modes/2on2
ktx/modes/4on4
ktx/modes/ffa
ktx/progs
ktx/sound
ktx/sound/misc
ktx/sound/ra
ktx/sound/rune
ktx/sound/weapons
logs
qtv
qtv/qtv
qtv/qtv/levelshots
qw
qwfwd
qw/maps
qw/maps/ctf
run
