/startdir/PKGBUILD: line 37: warning: command substitution: ignored null byte in input
using Qt5Python310
-- The CXX compiler identification is GNU 12.2.0
-- Detecting CXX compiler ABI info
-- Detecting CXX compiler ABI info - done
-- Check for working CXX compiler: /usr/bin/c++ - skipped
-- Detecting CXX compile features
-- Detecting CXX compile features - done
-- RELEASE
-- Found Boost: /usr/lib64/cmake/Boost-1.80.0/BoostConfig.cmake (found suitable version "1.80.0", minimum required is "1.50")  
-- Found OpenGL: /usr/lib/libOpenGL.so  found components: OpenGL 
-- Found Python: /usr/lib/libpython3.10.so (found suitable version "3.10.8", minimum required is "3.10.8") found components: Development.Embed 
-- Found Snappy: /usr/lib/libsnappy.so  
-- Found ZLIB: /usr/lib/libz.a (found version "1.2.13") 
-- Performing Test CMAKE_HAVE_LIBC_PTHREAD
-- Performing Test CMAKE_HAVE_LIBC_PTHREAD - Success
-- Found Threads: TRUE  
-- using gold linker
-- Configuring done
-- Generating done
-- Build files have been written to: /build/knossos-git/src/build-x86_64-pc-linux-gnu-knossos-git
