Setting version...
Applying patch 0001-ZEN-Add-sysctl-and-CONFIG-to-disallow-unprivileged-C.patch...
patching file include/linux/user_namespace.h
patching file init/Kconfig
patching file kernel/fork.c
Hunk #2 succeeded at 1958 (offset 3 lines).
Hunk #3 succeeded at 3080 (offset 5 lines).
patching file kernel/sysctl.c
patching file kernel/user_namespace.c
Applying patch 0002-PCI-Add-more-NVIDIA-controllers-to-the-MSI-masking-q.patch...
patching file drivers/pci/quirks.c
Applying patch 0003-iommu-intel-do-deep-dma-unmapping-to-avoid-kernel-fl.patch...
patching file drivers/iommu/intel/iommu.c
Hunk #1 succeeded at 5128 (offset 5 lines).
Applying patch 0004-Bluetooth-btintel-Fix-bdaddress-comparison-with-garb.patch...
patching file drivers/bluetooth/btintel.c
Applying patch 0005-lg-laptop-Recognize-more-models.patch...
patching file drivers/platform/x86/lg-laptop.c
Setting config...
  HOSTCC  scripts/basic/fixdep
  HOSTCC  scripts/kconfig/conf.o
  HOSTCC  scripts/kconfig/confdata.o
  HOSTCC  scripts/kconfig/expr.o
  LEX     scripts/kconfig/lexer.lex.c
  YACC    scripts/kconfig/parser.tab.[ch]
  HOSTCC  scripts/kconfig/lexer.lex.o
  HOSTCC  scripts/kconfig/menu.o
  HOSTCC  scripts/kconfig/parser.tab.o
  HOSTCC  scripts/kconfig/preprocess.o
  HOSTCC  scripts/kconfig/symbol.o
  HOSTCC  scripts/kconfig/util.o
  HOSTLD  scripts/kconfig/conf
#
# No change to .config
#
Prepared linux-lts515 version 5.15.94-1-lts515
