2018-03-21 09:58:11,479 | Starting OpenLeecher v1.0...
2018-03-21 09:58:11,479 | Generators loaded : IPGenerator 
2018-03-21 09:58:11,479 | Scanners loaded : WEBScanner 
2018-03-23 10:36:20,943 | Starting OpenLeecher v1.0...
2018-03-23 10:36:21,130 | Starting OpenLeecher v1.0...
2018-03-23 10:52:16,411 | Starting OpenLeecher v1.0...
2018-03-23 10:52:16,614 | Starting OpenLeecher v1.0...
2018-03-23 10:53:07,575 | Starting OpenLeecher v1.0...
2018-03-23 10:53:07,716 | Starting OpenLeecher v1.0...
2018-03-23 10:56:51,428 | Starting OpenLeecher v1.0...
2018-03-23 10:56:51,490 | Starting OpenLeecher v1.0...
2018-03-23 10:58:45,810 | Starting OpenLeecher v1.0...
2018-03-23 10:58:45,873 | Starting OpenLeecher v1.0...
2018-03-23 10:59:56,043 | Starting OpenLeecher v1.0...
2018-03-23 10:59:56,105 | Starting OpenLeecher v1.0...
2018-03-23 11:03:06,431 | Starting OpenLeecher v1.0...
2018-03-23 11:03:06,587 | Starting OpenLeecher v1.0...
2018-03-23 11:04:13,829 | Starting OpenLeecher v1.0...
2018-03-23 11:04:13,913 | Starting OpenLeecher v1.0...
2018-03-23 11:06:10,372 | Starting OpenLeecher v1.0...
2018-03-23 11:06:10,450 | Starting OpenLeecher v1.0...
2018-03-23 11:06:24,457 | Starting OpenLeecher v1.0...
2018-03-23 11:06:24,566 | Starting OpenLeecher v1.0...
2018-03-23 11:08:03,101 | Starting OpenLeecher v1.0...
2018-03-23 11:08:03,164 | Starting OpenLeecher v1.0...
2018-03-23 11:08:19,016 | Starting OpenLeecher v1.0...
2018-03-23 11:08:19,141 | Starting OpenLeecher v1.0...
2018-03-23 11:08:46,381 | Starting OpenLeecher v1.0...
2018-03-23 11:08:46,506 | Starting OpenLeecher v1.0...
2018-03-23 11:08:53,811 | Starting OpenLeecher v1.0...
2018-03-23 11:08:53,936 | Starting OpenLeecher v1.0...
2018-03-23 11:09:02,864 | Generators loaded : IPGenerator 
2018-03-23 11:09:02,864 | Scanners loaded : FTPScanner 
2018-03-30 23:30:01,656 | Starting OpenLeecher v1.0...
2018-03-30 23:30:01,657 | Generators loaded : IPv4Generator 
2018-03-30 23:30:01,657 | Scanners loaded : FTPScanner 
2018-03-30 23:30:01,657 | == Session start ==
2018-03-30 23:32:18,399 | == Session end ==
