running build
running build_py
creating build
creating build/lib
creating build/lib/gfm
copying gfm/__init__.py -> build/lib/gfm
copying gfm/autolink.py -> build/lib/gfm
copying gfm/automail.py -> build/lib/gfm
copying gfm/hidden_hilite.py -> build/lib/gfm
copying gfm/semi_sane_lists.py -> build/lib/gfm
copying gfm/spaced_link.py -> build/lib/gfm
copying gfm/strikethrough.py -> build/lib/gfm
copying gfm/tasklist.py -> build/lib/gfm
creating build/lib/mdx_gfm
copying mdx_gfm/__init__.py -> build/lib/mdx_gfm
creating build/lib/mdx_partial_gfm
copying mdx_partial_gfm/__init__.py -> build/lib/mdx_partial_gfm
running egg_info
creating py_gfm.egg-info
writing py_gfm.egg-info/PKG-INFO
writing dependency_links to py_gfm.egg-info/dependency_links.txt
writing requirements to py_gfm.egg-info/requires.txt
writing top-level names to py_gfm.egg-info/top_level.txt
writing manifest file 'py_gfm.egg-info/SOURCES.txt'
reading manifest file 'py_gfm.egg-info/SOURCES.txt'
reading manifest template 'MANIFEST.in'
warning: no previously-included files matching '__pycache__' found under directory '*'
warning: no previously-included files matching '*.py[co]' found under directory '*'
warning: no files found matching '*.rst' under directory 'docs'
warning: no files found matching 'conf.py' under directory 'docs'
warning: no files found matching 'Makefile' under directory 'docs'
warning: no files found matching 'make.bat' under directory 'docs'
warning: no files found matching '*.jpg' under directory 'docs'
warning: no files found matching '*.png' under directory 'docs'
warning: no files found matching '*.gif' under directory 'docs'
writing manifest file 'py_gfm.egg-info/SOURCES.txt'
