running install
running build
running build_py
running egg_info
writing py_gfm.egg-info/PKG-INFO
writing dependency_links to py_gfm.egg-info/dependency_links.txt
writing requirements to py_gfm.egg-info/requires.txt
writing top-level names to py_gfm.egg-info/top_level.txt
reading manifest file 'py_gfm.egg-info/SOURCES.txt'
reading manifest template 'MANIFEST.in'
warning: no previously-included files matching '__pycache__' found under directory '*'
warning: no previously-included files matching '*.py[co]' found under directory '*'
warning: no files found matching '*.rst' under directory 'docs'
warning: no files found matching 'conf.py' under directory 'docs'
warning: no files found matching 'Makefile' under directory 'docs'
warning: no files found matching 'make.bat' under directory 'docs'
warning: no files found matching '*.jpg' under directory 'docs'
warning: no files found matching '*.png' under directory 'docs'
warning: no files found matching '*.gif' under directory 'docs'
writing manifest file 'py_gfm.egg-info/SOURCES.txt'
running install_lib
creating /build/python-py-gfm/pkg/python-py-gfm/usr
creating /build/python-py-gfm/pkg/python-py-gfm/usr/lib
creating /build/python-py-gfm/pkg/python-py-gfm/usr/lib/python3.7
creating /build/python-py-gfm/pkg/python-py-gfm/usr/lib/python3.7/site-packages
creating /build/python-py-gfm/pkg/python-py-gfm/usr/lib/python3.7/site-packages/gfm
copying build/lib/gfm/__init__.py -> /build/python-py-gfm/pkg/python-py-gfm/usr/lib/python3.7/site-packages/gfm
copying build/lib/gfm/autolink.py -> /build/python-py-gfm/pkg/python-py-gfm/usr/lib/python3.7/site-packages/gfm
copying build/lib/gfm/automail.py -> /build/python-py-gfm/pkg/python-py-gfm/usr/lib/python3.7/site-packages/gfm
copying build/lib/gfm/hidden_hilite.py -> /build/python-py-gfm/pkg/python-py-gfm/usr/lib/python3.7/site-packages/gfm
copying build/lib/gfm/semi_sane_lists.py -> /build/python-py-gfm/pkg/python-py-gfm/usr/lib/python3.7/site-packages/gfm
copying build/lib/gfm/spaced_link.py -> /build/python-py-gfm/pkg/python-py-gfm/usr/lib/python3.7/site-packages/gfm
copying build/lib/gfm/strikethrough.py -> /build/python-py-gfm/pkg/python-py-gfm/usr/lib/python3.7/site-packages/gfm
copying build/lib/gfm/tasklist.py -> /build/python-py-gfm/pkg/python-py-gfm/usr/lib/python3.7/site-packages/gfm
creating /build/python-py-gfm/pkg/python-py-gfm/usr/lib/python3.7/site-packages/mdx_gfm
copying build/lib/mdx_gfm/__init__.py -> /build/python-py-gfm/pkg/python-py-gfm/usr/lib/python3.7/site-packages/mdx_gfm
creating /build/python-py-gfm/pkg/python-py-gfm/usr/lib/python3.7/site-packages/mdx_partial_gfm
copying build/lib/mdx_partial_gfm/__init__.py -> /build/python-py-gfm/pkg/python-py-gfm/usr/lib/python3.7/site-packages/mdx_partial_gfm
byte-compiling /build/python-py-gfm/pkg/python-py-gfm/usr/lib/python3.7/site-packages/gfm/__init__.py to __init__.cpython-37.pyc
byte-compiling /build/python-py-gfm/pkg/python-py-gfm/usr/lib/python3.7/site-packages/gfm/autolink.py to autolink.cpython-37.pyc
byte-compiling /build/python-py-gfm/pkg/python-py-gfm/usr/lib/python3.7/site-packages/gfm/automail.py to automail.cpython-37.pyc
byte-compiling /build/python-py-gfm/pkg/python-py-gfm/usr/lib/python3.7/site-packages/gfm/hidden_hilite.py to hidden_hilite.cpython-37.pyc
byte-compiling /build/python-py-gfm/pkg/python-py-gfm/usr/lib/python3.7/site-packages/gfm/semi_sane_lists.py to semi_sane_lists.cpython-37.pyc
byte-compiling /build/python-py-gfm/pkg/python-py-gfm/usr/lib/python3.7/site-packages/gfm/spaced_link.py to spaced_link.cpython-37.pyc
byte-compiling /build/python-py-gfm/pkg/python-py-gfm/usr/lib/python3.7/site-packages/gfm/strikethrough.py to strikethrough.cpython-37.pyc
byte-compiling /build/python-py-gfm/pkg/python-py-gfm/usr/lib/python3.7/site-packages/gfm/tasklist.py to tasklist.cpython-37.pyc
byte-compiling /build/python-py-gfm/pkg/python-py-gfm/usr/lib/python3.7/site-packages/mdx_gfm/__init__.py to __init__.cpython-37.pyc
byte-compiling /build/python-py-gfm/pkg/python-py-gfm/usr/lib/python3.7/site-packages/mdx_partial_gfm/__init__.py to __init__.cpython-37.pyc
running install_data
copying LICENSE -> /build/python-py-gfm/pkg/python-py-gfm/usr/
running install_egg_info
Copying py_gfm.egg-info to /build/python-py-gfm/pkg/python-py-gfm/usr/lib/python3.7/site-packages/py_gfm-0.1.4-py3.7.egg-info
running install_scripts
