autoreconf: Entering directory `.'
autoreconf: configure.ac: not using Gettext
autoreconf: running: aclocal --force -I config
autoreconf: configure.ac: tracing
autoreconf: running: libtoolize --copy --force
libtoolize: putting auxiliary files in AC_CONFIG_AUX_DIR, 'config'.
libtoolize: copying file 'config/ltmain.sh'
libtoolize: putting macros in AC_CONFIG_MACRO_DIRS, 'config'.
libtoolize: copying file 'config/libtool.m4'
libtoolize: copying file 'config/ltoptions.m4'
libtoolize: copying file 'config/ltsugar.m4'
libtoolize: copying file 'config/ltversion.m4'
libtoolize: copying file 'config/lt~obsolete.m4'
autoreconf: running: /usr/bin/autoconf --force
autoreconf: running: /usr/bin/autoheader --force
autoreconf: running: automake --add-missing --copy --force-missing
Unescaped left brace in regex is deprecated, passed through in regex; marked by <-- HERE in m/\${ <-- HERE ([^ \t=:+{}]+)}/ at /usr/bin/automake line 3936.
configure.ac:49: installing 'config/compile'
configure.ac:42: installing 'config/missing'
cmd/mount_zfs/Makefile.am:14: warning: source file '$(top_srcdir)/cmd/mount_zfs/mount_zfs.c' is in a subdirectory,
cmd/mount_zfs/Makefile.am:14: but option 'subdir-objects' is disabled
automake: warning: possible forward-incompatibility.
automake: At least a source file is in a subdirectory, but the 'subdir-objects'
automake: automake option hasn't been enabled.  For now, the corresponding output
automake: object file(s) will be placed in the top-level directory.  However,
automake: this behaviour will change in future Automake versions: they will
automake: unconditionally cause object files to be placed in the same subdirectory
automake: of the corresponding sources.
automake: You are advised to start using 'subdir-objects' option throughout your
automake: project, to avoid future incompatibilities.
cmd/mount_zfs/Makefile.am: installing 'config/depcomp'
cmd/zdb/Makefile.am:9: warning: source file '$(top_srcdir)/cmd/zdb/zdb.c' is in a subdirectory,
cmd/zdb/Makefile.am:9: but option 'subdir-objects' is disabled
cmd/zdb/Makefile.am:9: warning: source file '$(top_srcdir)/cmd/zdb/zdb_il.c' is in a subdirectory,
cmd/zdb/Makefile.am:9: but option 'subdir-objects' is disabled
cmd/zed/Makefile.am:9: warning: source file '$(top_srcdir)/cmd/zed/zed.c' is in a subdirectory,
cmd/zed/Makefile.am:9: but option 'subdir-objects' is disabled
cmd/zed/Makefile.am:9: warning: source file '$(top_srcdir)/cmd/zed/zed_conf.c' is in a subdirectory,
cmd/zed/Makefile.am:9: but option 'subdir-objects' is disabled
cmd/zed/Makefile.am:9: warning: source file '$(top_srcdir)/cmd/zed/zed_event.c' is in a subdirectory,
cmd/zed/Makefile.am:9: but option 'subdir-objects' is disabled
cmd/zed/Makefile.am:9: warning: source file '$(top_srcdir)/cmd/zed/zed_exec.c' is in a subdirectory,
cmd/zed/Makefile.am:9: but option 'subdir-objects' is disabled
cmd/zed/Makefile.am:9: warning: source file '$(top_srcdir)/cmd/zed/zed_file.c' is in a subdirectory,
cmd/zed/Makefile.am:9: but option 'subdir-objects' is disabled
cmd/zed/Makefile.am:9: warning: source file '$(top_srcdir)/cmd/zed/zed_log.c' is in a subdirectory,
cmd/zed/Makefile.am:9: but option 'subdir-objects' is disabled
cmd/zed/Makefile.am:9: warning: source file '$(top_srcdir)/cmd/zed/zed_strings.c' is in a subdirectory,
cmd/zed/Makefile.am:9: but option 'subdir-objects' is disabled
cmd/zfs/Makefile.am:9: warning: source file '$(top_srcdir)/cmd/zfs/zfs_iter.c' is in a subdirectory,
cmd/zfs/Makefile.am:9: but option 'subdir-objects' is disabled
cmd/zfs/Makefile.am:9: warning: source file '$(top_srcdir)/cmd/zfs/zfs_main.c' is in a subdirectory,
cmd/zfs/Makefile.am:9: but option 'subdir-objects' is disabled
cmd/zhack/Makefile.am:9: warning: source file '$(top_srcdir)/cmd/zhack/zhack.c' is in a subdirectory,
cmd/zhack/Makefile.am:9: but option 'subdir-objects' is disabled
cmd/zinject/Makefile.am:9: warning: source file '$(top_srcdir)/cmd/zinject/translate.c' is in a subdirectory,
cmd/zinject/Makefile.am:9: but option 'subdir-objects' is disabled
cmd/zinject/Makefile.am:9: warning: source file '$(top_srcdir)/cmd/zinject/zinject.c' is in a subdirectory,
cmd/zinject/Makefile.am:9: but option 'subdir-objects' is disabled
cmd/zpios/Makefile.am:8: warning: source file '$(top_srcdir)/cmd/zpios/zpios_main.c' is in a subdirectory,
cmd/zpios/Makefile.am:8: but option 'subdir-objects' is disabled
cmd/zpios/Makefile.am:8: warning: source file '$(top_srcdir)/cmd/zpios/zpios_util.c' is in a subdirectory,
cmd/zpios/Makefile.am:8: but option 'subdir-objects' is disabled
cmd/zpool/Makefile.am:9: warning: source file '$(top_srcdir)/cmd/zpool/zpool_iter.c' is in a subdirectory,
cmd/zpool/Makefile.am:9: but option 'subdir-objects' is disabled
cmd/zpool/Makefile.am:9: warning: source file '$(top_srcdir)/cmd/zpool/zpool_main.c' is in a subdirectory,
cmd/zpool/Makefile.am:9: but option 'subdir-objects' is disabled
cmd/zpool/Makefile.am:9: warning: source file '$(top_srcdir)/cmd/zpool/zpool_util.c' is in a subdirectory,
cmd/zpool/Makefile.am:9: but option 'subdir-objects' is disabled
cmd/zpool/Makefile.am:9: warning: source file '$(top_srcdir)/cmd/zpool/zpool_vdev.c' is in a subdirectory,
cmd/zpool/Makefile.am:9: but option 'subdir-objects' is disabled
cmd/zstreamdump/Makefile.am:9: warning: source file '$(top_srcdir)/cmd/zstreamdump/zstreamdump.c' is in a subdirectory,
cmd/zstreamdump/Makefile.am:9: but option 'subdir-objects' is disabled
cmd/ztest/Makefile.am:11: warning: source file '$(top_srcdir)/cmd/ztest/ztest.c' is in a subdirectory,
cmd/ztest/Makefile.am:11: but option 'subdir-objects' is disabled
cmd/zvol_id/Makefile.am:13: warning: source file '$(top_srcdir)/cmd/zvol_id/zvol_id_main.c' is in a subdirectory,
cmd/zvol_id/Makefile.am:13: but option 'subdir-objects' is disabled
lib/libavl/Makefile.am:11: warning: source file '$(top_srcdir)/module/avl/avl.c' is in a subdirectory,
lib/libavl/Makefile.am:11: but option 'subdir-objects' is disabled
lib/libefi/Makefile.am:11: warning: source file '$(top_srcdir)/lib/libefi/rdwr_efi.c' is in a subdirectory,
lib/libefi/Makefile.am:11: but option 'subdir-objects' is disabled
lib/libnvpair/Makefile.am:11: warning: source file '$(top_srcdir)/lib/libnvpair/libnvpair.c' is in a subdirectory,
lib/libnvpair/Makefile.am:11: but option 'subdir-objects' is disabled
lib/libnvpair/Makefile.am:11: warning: source file '$(top_srcdir)/lib/libnvpair/nvpair_alloc_system.c' is in a subdirectory,
lib/libnvpair/Makefile.am:11: but option 'subdir-objects' is disabled
lib/libnvpair/Makefile.am:11: warning: source file '$(top_srcdir)/module/nvpair/nvpair_alloc_fixed.c' is in a subdirectory,
lib/libnvpair/Makefile.am:11: but option 'subdir-objects' is disabled
lib/libnvpair/Makefile.am:11: warning: source file '$(top_srcdir)/module/nvpair/nvpair.c' is in a subdirectory,
lib/libnvpair/Makefile.am:11: but option 'subdir-objects' is disabled
lib/libnvpair/Makefile.am:11: warning: source file '$(top_srcdir)/module/nvpair/fnvpair.c' is in a subdirectory,
lib/libnvpair/Makefile.am:11: but option 'subdir-objects' is disabled
lib/libshare/Makefile.am:9: warning: source file '$(top_srcdir)/lib/libshare/libshare.c' is in a subdirectory,
lib/libshare/Makefile.am:9: but option 'subdir-objects' is disabled
lib/libshare/Makefile.am:9: warning: source file '$(top_srcdir)/lib/libshare/nfs.c' is in a subdirectory,
lib/libshare/Makefile.am:9: but option 'subdir-objects' is disabled
lib/libshare/Makefile.am:9: warning: source file '$(top_srcdir)/lib/libshare/smb.c' is in a subdirectory,
lib/libshare/Makefile.am:9: but option 'subdir-objects' is disabled
lib/libspl/Makefile.am:16: warning: source file '$(top_srcdir)/lib/libspl/getexecname.c' is in a subdirectory,
lib/libspl/Makefile.am:16: but option 'subdir-objects' is disabled
lib/libspl/Makefile.am:16: warning: source file '$(top_srcdir)/lib/libspl/gethrtime.c' is in a subdirectory,
lib/libspl/Makefile.am:16: but option 'subdir-objects' is disabled
lib/libspl/Makefile.am:16: warning: source file '$(top_srcdir)/lib/libspl/gethrestime.c' is in a subdirectory,
lib/libspl/Makefile.am:16: but option 'subdir-objects' is disabled
lib/libspl/Makefile.am:16: warning: source file '$(top_srcdir)/lib/libspl/getmntany.c' is in a subdirectory,
lib/libspl/Makefile.am:16: but option 'subdir-objects' is disabled
lib/libspl/Makefile.am:16: warning: source file '$(top_srcdir)/lib/libspl/list.c' is in a subdirectory,
lib/libspl/Makefile.am:16: but option 'subdir-objects' is disabled
lib/libspl/Makefile.am:16: warning: source file '$(top_srcdir)/lib/libspl/mkdirp.c' is in a subdirectory,
lib/libspl/Makefile.am:16: but option 'subdir-objects' is disabled
lib/libspl/Makefile.am:16: warning: source file '$(top_srcdir)/lib/libspl/strlcat.c' is in a subdirectory,
lib/libspl/Makefile.am:16: but option 'subdir-objects' is disabled
lib/libspl/Makefile.am:16: warning: source file '$(top_srcdir)/lib/libspl/strlcpy.c' is in a subdirectory,
lib/libspl/Makefile.am:16: but option 'subdir-objects' is disabled
lib/libspl/Makefile.am:16: warning: source file '$(top_srcdir)/lib/libspl/strnlen.c' is in a subdirectory,
lib/libspl/Makefile.am:16: but option 'subdir-objects' is disabled
lib/libspl/Makefile.am:16: warning: source file '$(top_srcdir)/lib/libspl/timestamp.c' is in a subdirectory,
lib/libspl/Makefile.am:16: but option 'subdir-objects' is disabled
lib/libspl/Makefile.am:16: warning: source file '$(top_srcdir)/lib/libspl/zone.c' is in a subdirectory,
lib/libspl/Makefile.am:16: but option 'subdir-objects' is disabled
lib/libspl/Makefile.am:16: warning: source file '$(top_srcdir)/lib/libspl/xdr.c' is in a subdirectory,
lib/libspl/Makefile.am:16: but option 'subdir-objects' is disabled
lib/libspl/Makefile.am:16: warning: source file '$(top_srcdir)/lib/libspl/$(TARGET_ASM_DIR)/atomic.S' is in a subdirectory,
lib/libspl/Makefile.am:16: but option 'subdir-objects' is disabled
lib/libunicode/Makefile.am:11: warning: source file '$(top_srcdir)/module/unicode/u8_textprep.c' is in a subdirectory,
lib/libunicode/Makefile.am:11: but option 'subdir-objects' is disabled
lib/libunicode/Makefile.am:11: warning: source file '$(top_srcdir)/module/unicode/uconv.c' is in a subdirectory,
lib/libunicode/Makefile.am:11: but option 'subdir-objects' is disabled
lib/libuutil/Makefile.am:11: warning: source file '$(top_srcdir)/lib/libuutil/uu_alloc.c' is in a subdirectory,
lib/libuutil/Makefile.am:11: but option 'subdir-objects' is disabled
lib/libuutil/Makefile.am:11: warning: source file '$(top_srcdir)/lib/libuutil/uu_avl.c' is in a subdirectory,
lib/libuutil/Makefile.am:11: but option 'subdir-objects' is disabled
lib/libuutil/Makefile.am:11: warning: source file '$(top_srcdir)/lib/libuutil/uu_dprintf.c' is in a subdirectory,
lib/libuutil/Makefile.am:11: but option 'subdir-objects' is disabled
lib/libuutil/Makefile.am:11: warning: source file '$(top_srcdir)/lib/libuutil/uu_ident.c' is in a subdirectory,
lib/libuutil/Makefile.am:11: but option 'subdir-objects' is disabled
lib/libuutil/Makefile.am:11: warning: source file '$(top_srcdir)/lib/libuutil/uu_list.c' is in a subdirectory,
lib/libuutil/Makefile.am:11: but option 'subdir-objects' is disabled
lib/libuutil/Makefile.am:11: warning: source file '$(top_srcdir)/lib/libuutil/uu_misc.c' is in a subdirectory,
lib/libuutil/Makefile.am:11: but option 'subdir-objects' is disabled
lib/libuutil/Makefile.am:11: warning: source file '$(top_srcdir)/lib/libuutil/uu_open.c' is in a subdirectory,
lib/libuutil/Makefile.am:11: but option 'subdir-objects' is disabled
lib/libuutil/Makefile.am:11: warning: source file '$(top_srcdir)/lib/libuutil/uu_pname.c' is in a subdirectory,
lib/libuutil/Makefile.am:11: but option 'subdir-objects' is disabled
lib/libuutil/Makefile.am:11: warning: source file '$(top_srcdir)/lib/libuutil/uu_string.c' is in a subdirectory,
lib/libuutil/Makefile.am:11: but option 'subdir-objects' is disabled
lib/libuutil/Makefile.am:11: warning: source file '$(top_srcdir)/lib/libuutil/uu_strtoint.c' is in a subdirectory,
lib/libuutil/Makefile.am:11: but option 'subdir-objects' is disabled
lib/libzfs/Makefile.am:13: warning: source file '$(top_srcdir)/lib/libzfs/libzfs_changelist.c' is in a subdirectory,
lib/libzfs/Makefile.am:13: but option 'subdir-objects' is disabled
lib/libzfs/Makefile.am:13: warning: source file '$(top_srcdir)/lib/libzfs/libzfs_config.c' is in a subdirectory,
lib/libzfs/Makefile.am:13: but option 'subdir-objects' is disabled
lib/libzfs/Makefile.am:13: warning: source file '$(top_srcdir)/lib/libzfs/libzfs_dataset.c' is in a subdirectory,
lib/libzfs/Makefile.am:13: but option 'subdir-objects' is disabled
lib/libzfs/Makefile.am:13: warning: source file '$(top_srcdir)/lib/libzfs/libzfs_diff.c' is in a subdirectory,
lib/libzfs/Makefile.am:13: but option 'subdir-objects' is disabled
lib/libzfs/Makefile.am:13: warning: source file '$(top_srcdir)/lib/libzfs/libzfs_fru.c' is in a subdirectory,
lib/libzfs/Makefile.am:13: but option 'subdir-objects' is disabled
lib/libzfs/Makefile.am:13: warning: source file '$(top_srcdir)/lib/libzfs/libzfs_graph.c' is in a subdirectory,
lib/libzfs/Makefile.am:13: but option 'subdir-objects' is disabled
lib/libzfs/Makefile.am:13: warning: source file '$(top_srcdir)/lib/libzfs/libzfs_import.c' is in a subdirectory,
lib/libzfs/Makefile.am:13: but option 'subdir-objects' is disabled
lib/libzfs/Makefile.am:13: warning: source file '$(top_srcdir)/lib/libzfs/libzfs_iter.c' is in a subdirectory,
lib/libzfs/Makefile.am:13: but option 'subdir-objects' is disabled
lib/libzfs/Makefile.am:13: warning: source file '$(top_srcdir)/lib/libzfs/libzfs_mount.c' is in a subdirectory,
lib/libzfs/Makefile.am:13: but option 'subdir-objects' is disabled
lib/libzfs/Makefile.am:13: warning: source file '$(top_srcdir)/lib/libzfs/libzfs_pool.c' is in a subdirectory,
lib/libzfs/Makefile.am:13: but option 'subdir-objects' is disabled
lib/libzfs/Makefile.am:13: warning: source file '$(top_srcdir)/lib/libzfs/libzfs_sendrecv.c' is in a subdirectory,
lib/libzfs/Makefile.am:13: but option 'subdir-objects' is disabled
lib/libzfs/Makefile.am:13: warning: source file '$(top_srcdir)/lib/libzfs/libzfs_status.c' is in a subdirectory,
lib/libzfs/Makefile.am:13: but option 'subdir-objects' is disabled
lib/libzfs/Makefile.am:13: warning: source file '$(top_srcdir)/lib/libzfs/libzfs_util.c' is in a subdirectory,
lib/libzfs/Makefile.am:13: but option 'subdir-objects' is disabled
lib/libzfs_core/Makefile.am:9: warning: source file '$(top_srcdir)/lib/libzfs_core/libzfs_core.c' is in a subdirectory,
lib/libzfs_core/Makefile.am:9: but option 'subdir-objects' is disabled
lib/libzpool/Makefile.am:11: warning: source file '$(top_srcdir)/lib/libzpool/kernel.c' is in a subdirectory,
lib/libzpool/Makefile.am:11: but option 'subdir-objects' is disabled
lib/libzpool/Makefile.am:11: warning: source file '$(top_srcdir)/lib/libzpool/taskq.c' is in a subdirectory,
lib/libzpool/Makefile.am:11: but option 'subdir-objects' is disabled
lib/libzpool/Makefile.am:11: warning: source file '$(top_srcdir)/lib/libzpool/util.c' is in a subdirectory,
lib/libzpool/Makefile.am:11: but option 'subdir-objects' is disabled
lib/libzpool/Makefile.am:11: warning: source file '$(top_srcdir)/module/zcommon/zfs_comutil.c' is in a subdirectory,
lib/libzpool/Makefile.am:11: but option 'subdir-objects' is disabled
lib/libzpool/Makefile.am:11: warning: source file '$(top_srcdir)/module/zcommon/zfs_deleg.c' is in a subdirectory,
lib/libzpool/Makefile.am:11: but option 'subdir-objects' is disabled
lib/libzpool/Makefile.am:11: warning: source file '$(top_srcdir)/module/zcommon/zfs_fletcher.c' is in a subdirectory,
lib/libzpool/Makefile.am:11: but option 'subdir-objects' is disabled
lib/libzpool/Makefile.am:11: warning: source file '$(top_srcdir)/module/zcommon/zfs_namecheck.c' is in a subdirectory,
lib/libzpool/Makefile.am:11: but option 'subdir-objects' is disabled
lib/libzpool/Makefile.am:11: warning: source file '$(top_srcdir)/module/zcommon/zfs_prop.c' is in a subdirectory,
lib/libzpool/Makefile.am:11: but option 'subdir-objects' is disabled
lib/libzpool/Makefile.am:11: warning: source file '$(top_srcdir)/module/zcommon/zfs_uio.c' is in a subdirectory,
lib/libzpool/Makefile.am:11: but option 'subdir-objects' is disabled
lib/libzpool/Makefile.am:11: warning: source file '$(top_srcdir)/module/zcommon/zpool_prop.c' is in a subdirectory,
lib/libzpool/Makefile.am:11: but option 'subdir-objects' is disabled
lib/libzpool/Makefile.am:11: warning: source file '$(top_srcdir)/module/zcommon/zprop_common.c' is in a subdirectory,
lib/libzpool/Makefile.am:11: but option 'subdir-objects' is disabled
lib/libzpool/Makefile.am:11: warning: source file '$(top_srcdir)/module/zfs/arc.c' is in a subdirectory,
lib/libzpool/Makefile.am:11: but option 'subdir-objects' is disabled
lib/libzpool/Makefile.am:11: warning: source file '$(top_srcdir)/module/zfs/blkptr.c' is in a subdirectory,
lib/libzpool/Makefile.am:11: but option 'subdir-objects' is disabled
lib/libzpool/Makefile.am:11: warning: source file '$(top_srcdir)/module/zfs/bplist.c' is in a subdirectory,
lib/libzpool/Makefile.am:11: but option 'subdir-objects' is disabled
lib/libzpool/Makefile.am:11: warning: source file '$(top_srcdir)/module/zfs/bpobj.c' is in a subdirectory,
lib/libzpool/Makefile.am:11: but option 'subdir-objects' is disabled
lib/libzpool/Makefile.am:11: warning: source file '$(top_srcdir)/module/zfs/bptree.c' is in a subdirectory,
lib/libzpool/Makefile.am:11: but option 'subdir-objects' is disabled
lib/libzpool/Makefile.am:11: warning: source file '$(top_srcdir)/module/zfs/dbuf.c' is in a subdirectory,
lib/libzpool/Makefile.am:11: but option 'subdir-objects' is disabled
lib/libzpool/Makefile.am:11: warning: source file '$(top_srcdir)/module/zfs/dbuf_stats.c' is in a subdirectory,
lib/libzpool/Makefile.am:11: but option 'subdir-objects' is disabled
lib/libzpool/Makefile.am:11: warning: source file '$(top_srcdir)/module/zfs/ddt.c' is in a subdirectory,
lib/libzpool/Makefile.am:11: but option 'subdir-objects' is disabled
lib/libzpool/Makefile.am:11: warning: source file '$(top_srcdir)/module/zfs/ddt_zap.c' is in a subdirectory,
lib/libzpool/Makefile.am:11: but option 'subdir-objects' is disabled
lib/libzpool/Makefile.am:11: warning: source file '$(top_srcdir)/module/zfs/dmu.c' is in a subdirectory,
lib/libzpool/Makefile.am:11: but option 'subdir-objects' is disabled
lib/libzpool/Makefile.am:11: warning: source file '$(top_srcdir)/module/zfs/dmu_diff.c' is in a subdirectory,
lib/libzpool/Makefile.am:11: but option 'subdir-objects' is disabled
lib/libzpool/Makefile.am:11: warning: source file '$(top_srcdir)/module/zfs/dmu_object.c' is in a subdirectory,
lib/libzpool/Makefile.am:11: but option 'subdir-objects' is disabled
lib/libzpool/Makefile.am:11: warning: source file '$(top_srcdir)/module/zfs/dmu_objset.c' is in a subdirectory,
lib/libzpool/Makefile.am:11: but option 'subdir-objects' is disabled
lib/libzpool/Makefile.am:11: warning: source file '$(top_srcdir)/module/zfs/dmu_send.c' is in a subdirectory,
lib/libzpool/Makefile.am:11: but option 'subdir-objects' is disabled
lib/libzpool/Makefile.am:11: warning: source file '$(top_srcdir)/module/zfs/dmu_traverse.c' is in a subdirectory,
lib/libzpool/Makefile.am:11: but option 'subdir-objects' is disabled
lib/libzpool/Makefile.am:11: warning: source file '$(top_srcdir)/module/zfs/dmu_tx.c' is in a subdirectory,
lib/libzpool/Makefile.am:11: but option 'subdir-objects' is disabled
lib/libzpool/Makefile.am:11: warning: source file '$(top_srcdir)/module/zfs/dmu_zfetch.c' is in a subdirectory,
lib/libzpool/Makefile.am:11: but option 'subdir-objects' is disabled
lib/libzpool/Makefile.am:11: warning: source file '$(top_srcdir)/module/zfs/dnode.c' is in a subdirectory,
lib/libzpool/Makefile.am:11: but option 'subdir-objects' is disabled
lib/libzpool/Makefile.am:11: warning: source file '$(top_srcdir)/module/zfs/dnode_sync.c' is in a subdirectory,
lib/libzpool/Makefile.am:11: but option 'subdir-objects' is disabled
lib/libzpool/Makefile.am:11: warning: source file '$(top_srcdir)/module/zfs/dsl_bookmark.c' is in a subdirectory,
lib/libzpool/Makefile.am:11: but option 'subdir-objects' is disabled
lib/libzpool/Makefile.am:11: warning: source file '$(top_srcdir)/module/zfs/dsl_dataset.c' is in a subdirectory,
lib/libzpool/Makefile.am:11: but option 'subdir-objects' is disabled
lib/libzpool/Makefile.am:11: warning: source file '$(top_srcdir)/module/zfs/dsl_deadlist.c' is in a subdirectory,
lib/libzpool/Makefile.am:11: but option 'subdir-objects' is disabled
lib/libzpool/Makefile.am:11: warning: source file '$(top_srcdir)/module/zfs/dsl_deleg.c' is in a subdirectory,
lib/libzpool/Makefile.am:11: but option 'subdir-objects' is disabled
lib/libzpool/Makefile.am:11: warning: source file '$(top_srcdir)/module/zfs/dsl_dir.c' is in a subdirectory,
lib/libzpool/Makefile.am:11: but option 'subdir-objects' is disabled
lib/libzpool/Makefile.am:11: warning: source file '$(top_srcdir)/module/zfs/dsl_pool.c' is in a subdirectory,
lib/libzpool/Makefile.am:11: but option 'subdir-objects' is disabled
lib/libzpool/Makefile.am:11: warning: source file '$(top_srcdir)/module/zfs/dsl_prop.c' is in a subdirectory,
lib/libzpool/Makefile.am:11: but option 'subdir-objects' is disabled
lib/libzpool/Makefile.am:11: warning: source file '$(top_srcdir)/module/zfs/dsl_scan.c' is in a subdirectory,
lib/libzpool/Makefile.am:11: but option 'subdir-objects' is disabled
lib/libzpool/Makefile.am:11: warning: source file '$(top_srcdir)/module/zfs/dsl_synctask.c' is in a subdirectory,
lib/libzpool/Makefile.am:11: but option 'subdir-objects' is disabled
lib/libzpool/Makefile.am:11: warning: source file '$(top_srcdir)/module/zfs/dsl_destroy.c' is in a subdirectory,
lib/libzpool/Makefile.am:11: but option 'subdir-objects' is disabled
lib/libzpool/Makefile.am:11: warning: source file '$(top_srcdir)/module/zfs/dsl_userhold.c' is in a subdirectory,
lib/libzpool/Makefile.am:11: but option 'subdir-objects' is disabled
lib/libzpool/Makefile.am:11: warning: source file '$(top_srcdir)/module/zfs/fm.c' is in a subdirectory,
lib/libzpool/Makefile.am:11: but option 'subdir-objects' is disabled
lib/libzpool/Makefile.am:11: warning: source file '$(top_srcdir)/module/zfs/gzip.c' is in a subdirectory,
lib/libzpool/Makefile.am:11: but option 'subdir-objects' is disabled
lib/libzpool/Makefile.am:11: warning: source file '$(top_srcdir)/module/zfs/lzjb.c' is in a subdirectory,
lib/libzpool/Makefile.am:11: but option 'subdir-objects' is disabled
lib/libzpool/Makefile.am:11: warning: source file '$(top_srcdir)/module/zfs/lz4.c' is in a subdirectory,
lib/libzpool/Makefile.am:11: but option 'subdir-objects' is disabled
lib/libzpool/Makefile.am:11: warning: source file '$(top_srcdir)/module/zfs/metaslab.c' is in a subdirectory,
lib/libzpool/Makefile.am:11: but option 'subdir-objects' is disabled
lib/libzpool/Makefile.am:11: warning: source file '$(top_srcdir)/module/zfs/range_tree.c' is in a subdirectory,
lib/libzpool/Makefile.am:11: but option 'subdir-objects' is disabled
lib/libzpool/Makefile.am:11: warning: source file '$(top_srcdir)/module/zfs/refcount.c' is in a subdirectory,
lib/libzpool/Makefile.am:11: but option 'subdir-objects' is disabled
lib/libzpool/Makefile.am:11: warning: source file '$(top_srcdir)/module/zfs/rrwlock.c' is in a subdirectory,
lib/libzpool/Makefile.am:11: but option 'subdir-objects' is disabled
lib/libzpool/Makefile.am:11: warning: source file '$(top_srcdir)/module/zfs/sa.c' is in a subdirectory,
lib/libzpool/Makefile.am:11: but option 'subdir-objects' is disabled
lib/libzpool/Makefile.am:11: warning: source file '$(top_srcdir)/module/zfs/sha256.c' is in a subdirectory,
lib/libzpool/Makefile.am:11: but option 'subdir-objects' is disabled
lib/libzpool/Makefile.am:11: warning: source file '$(top_srcdir)/module/zfs/spa.c' is in a subdirectory,
lib/libzpool/Makefile.am:11: but option 'subdir-objects' is disabled
lib/libzpool/Makefile.am:11: warning: source file '$(top_srcdir)/module/zfs/spa_boot.c' is in a subdirectory,
lib/libzpool/Makefile.am:11: but option 'subdir-objects' is disabled
lib/libzpool/Makefile.am:11: warning: source file '$(top_srcdir)/module/zfs/spa_config.c' is in a subdirectory,
lib/libzpool/Makefile.am:11: but option 'subdir-objects' is disabled
lib/libzpool/Makefile.am:11: warning: source file '$(top_srcdir)/module/zfs/spa_errlog.c' is in a subdirectory,
lib/libzpool/Makefile.am:11: but option 'subdir-objects' is disabled
lib/libzpool/Makefile.am:11: warning: source file '$(top_srcdir)/module/zfs/spa_history.c' is in a subdirectory,
lib/libzpool/Makefile.am:11: but option 'subdir-objects' is disabled
lib/libzpool/Makefile.am:11: warning: source file '$(top_srcdir)/module/zfs/spa_misc.c' is in a subdirectory,
lib/libzpool/Makefile.am:11: but option 'subdir-objects' is disabled
lib/libzpool/Makefile.am:11: warning: source file '$(top_srcdir)/module/zfs/spa_stats.c' is in a subdirectory,
lib/libzpool/Makefile.am:11: but option 'subdir-objects' is disabled
lib/libzpool/Makefile.am:11: warning: source file '$(top_srcdir)/module/zfs/space_map.c' is in a subdirectory,
lib/libzpool/Makefile.am:11: but option 'subdir-objects' is disabled
lib/libzpool/Makefile.am:11: warning: source file '$(top_srcdir)/module/zfs/space_reftree.c' is in a subdirectory,
lib/libzpool/Makefile.am:11: but option 'subdir-objects' is disabled
lib/libzpool/Makefile.am:11: warning: source file '$(top_srcdir)/module/zfs/txg.c' is in a subdirectory,
lib/libzpool/Makefile.am:11: but option 'subdir-objects' is disabled
lib/libzpool/Makefile.am:11: warning: source file '$(top_srcdir)/module/zfs/trace.c' is in a subdirectory,
lib/libzpool/Makefile.am:11: but option 'subdir-objects' is disabled
lib/libzpool/Makefile.am:11: warning: source file '$(top_srcdir)/module/zfs/uberblock.c' is in a subdirectory,
lib/libzpool/Makefile.am:11: but option 'subdir-objects' is disabled
lib/libzpool/Makefile.am:11: warning: source file '$(top_srcdir)/module/zfs/unique.c' is in a subdirectory,
lib/libzpool/Makefile.am:11: but option 'subdir-objects' is disabled
lib/libzpool/Makefile.am:11: warning: source file '$(top_srcdir)/module/zfs/vdev.c' is in a subdirectory,
lib/libzpool/Makefile.am:11: but option 'subdir-objects' is disabled
lib/libzpool/Makefile.am:11: warning: source file '$(top_srcdir)/module/zfs/vdev_cache.c' is in a subdirectory,
lib/libzpool/Makefile.am:11: but option 'subdir-objects' is disabled
lib/libzpool/Makefile.am:11: warning: source file '$(top_srcdir)/module/zfs/vdev_file.c' is in a subdirectory,
lib/libzpool/Makefile.am:11: but option 'subdir-objects' is disabled
lib/libzpool/Makefile.am:11: warning: source file '$(top_srcdir)/module/zfs/vdev_label.c' is in a subdirectory,
lib/libzpool/Makefile.am:11: but option 'subdir-objects' is disabled
lib/libzpool/Makefile.am:11: warning: source file '$(top_srcdir)/module/zfs/vdev_mirror.c' is in a subdirectory,
lib/libzpool/Makefile.am:11: but option 'subdir-objects' is disabled
lib/libzpool/Makefile.am:11: warning: source file '$(top_srcdir)/module/zfs/vdev_missing.c' is in a subdirectory,
lib/libzpool/Makefile.am:11: but option 'subdir-objects' is disabled
lib/libzpool/Makefile.am:11: warning: source file '$(top_srcdir)/module/zfs/vdev_queue.c' is in a subdirectory,
lib/libzpool/Makefile.am:11: but option 'subdir-objects' is disabled
lib/libzpool/Makefile.am:11: warning: source file '$(top_srcdir)/module/zfs/vdev_raidz.c' is in a subdirectory,
lib/libzpool/Makefile.am:11: but option 'subdir-objects' is disabled
lib/libzpool/Makefile.am:11: warning: source file '$(top_srcdir)/module/zfs/vdev_root.c' is in a subdirectory,
lib/libzpool/Makefile.am:11: but option 'subdir-objects' is disabled
lib/libzpool/Makefile.am:11: warning: source file '$(top_srcdir)/module/zfs/zap.c' is in a subdirectory,
lib/libzpool/Makefile.am:11: but option 'subdir-objects' is disabled
lib/libzpool/Makefile.am:11: warning: source file '$(top_srcdir)/module/zfs/zap_leaf.c' is in a subdirectory,
lib/libzpool/Makefile.am:11: but option 'subdir-objects' is disabled
lib/libzpool/Makefile.am:11: warning: source file '$(top_srcdir)/module/zfs/zap_micro.c' is in a subdirectory,
lib/libzpool/Makefile.am:11: but option 'subdir-objects' is disabled
lib/libzpool/Makefile.am:11: warning: source file '$(top_srcdir)/module/zfs/zfeature.c' is in a subdirectory,
lib/libzpool/Makefile.am:11: but option 'subdir-objects' is disabled
lib/libzpool/Makefile.am:11: warning: source file '$(top_srcdir)/module/zfs/zfeature_common.c' is in a subdirectory,
lib/libzpool/Makefile.am:11: but option 'subdir-objects' is disabled
lib/libzpool/Makefile.am:11: warning: source file '$(top_srcdir)/module/zfs/zfs_byteswap.c' is in a subdirectory,
lib/libzpool/Makefile.am:11: but option 'subdir-objects' is disabled
lib/libzpool/Makefile.am:11: warning: source file '$(top_srcdir)/module/zfs/zfs_debug.c' is in a subdirectory,
lib/libzpool/Makefile.am:11: but option 'subdir-objects' is disabled
lib/libzpool/Makefile.am:11: warning: source file '$(top_srcdir)/module/zfs/zfs_fm.c' is in a subdirectory,
lib/libzpool/Makefile.am:11: but option 'subdir-objects' is disabled
lib/libzpool/Makefile.am:11: warning: source file '$(top_srcdir)/module/zfs/zfs_fuid.c' is in a subdirectory,
lib/libzpool/Makefile.am:11: but option 'subdir-objects' is disabled
lib/libzpool/Makefile.am:11: warning: source file '$(top_srcdir)/module/zfs/zfs_sa.c' is in a subdirectory,
lib/libzpool/Makefile.am:11: but option 'subdir-objects' is disabled
lib/libzpool/Makefile.am:11: warning: source file '$(top_srcdir)/module/zfs/zfs_znode.c' is in a subdirectory,
lib/libzpool/Makefile.am:11: but option 'subdir-objects' is disabled
lib/libzpool/Makefile.am:11: warning: source file '$(top_srcdir)/module/zfs/zil.c' is in a subdirectory,
lib/libzpool/Makefile.am:11: but option 'subdir-objects' is disabled
lib/libzpool/Makefile.am:11: warning: source file '$(top_srcdir)/module/zfs/zio.c' is in a subdirectory,
lib/libzpool/Makefile.am:11: but option 'subdir-objects' is disabled
lib/libzpool/Makefile.am:11: warning: source file '$(top_srcdir)/module/zfs/zio_checksum.c' is in a subdirectory,
lib/libzpool/Makefile.am:11: but option 'subdir-objects' is disabled
lib/libzpool/Makefile.am:11: warning: source file '$(top_srcdir)/module/zfs/zio_compress.c' is in a subdirectory,
lib/libzpool/Makefile.am:11: but option 'subdir-objects' is disabled
lib/libzpool/Makefile.am:11: warning: source file '$(top_srcdir)/module/zfs/zio_inject.c' is in a subdirectory,
lib/libzpool/Makefile.am:11: but option 'subdir-objects' is disabled
lib/libzpool/Makefile.am:11: warning: source file '$(top_srcdir)/module/zfs/zle.c' is in a subdirectory,
lib/libzpool/Makefile.am:11: but option 'subdir-objects' is disabled
lib/libzpool/Makefile.am:11: warning: source file '$(top_srcdir)/module/zfs/zrlock.c' is in a subdirectory,
lib/libzpool/Makefile.am:11: but option 'subdir-objects' is disabled
autoreconf: Leaving directory `.'
checking for gawk... gawk
checking metadata... META file
checking build system type... x86_64-unknown-linux-gnu
checking host system type... x86_64-unknown-linux-gnu
checking target system type... x86_64-unknown-linux-gnu
checking whether to enable maintainer-specific portions of Makefiles... no
checking whether make supports nested variables... yes
checking for a BSD-compatible install... /usr/bin/install -c
checking whether build environment is sane... yes
checking for a thread-safe mkdir -p... /usr/bin/mkdir -p
checking whether make sets $(MAKE)... yes
checking for gcc... gcc
checking whether the C compiler works... yes
checking for C compiler default output file name... a.out
checking for suffix of executables... 
checking whether we are cross compiling... no
checking for suffix of object files... o
checking whether we are using the GNU C compiler... yes
checking whether gcc accepts -g... yes
checking for gcc option to accept ISO C89... none needed
checking whether gcc understands -c and -o together... yes
checking for style of include used by make... GNU
checking dependency style of gcc... gcc3
checking how to print strings... printf
checking for a sed that does not truncate output... /usr/bin/sed
checking for grep that handles long lines and -e... /usr/bin/grep
checking for egrep... /usr/bin/grep -E
checking for fgrep... /usr/bin/grep -F
checking for ld used by gcc... /usr/bin/ld
checking if the linker (/usr/bin/ld) is GNU ld... yes
checking for BSD- or MS-compatible name lister (nm)... /usr/bin/nm -B
checking the name lister (/usr/bin/nm -B) interface... BSD nm
checking whether ln -s works... yes
checking the maximum length of command line arguments... 1572864
checking how to convert x86_64-unknown-linux-gnu file names to x86_64-unknown-linux-gnu format... func_convert_file_noop
checking how to convert x86_64-unknown-linux-gnu file names to toolchain format... func_convert_file_noop
checking for /usr/bin/ld option to reload object files... -r
checking for objdump... objdump
checking how to recognize dependent libraries... pass_all
checking for dlltool... no
checking how to associate runtime and link libraries... printf %s\n
checking for ar... ar
checking for archiver @FILE support... @
checking for strip... strip
checking for ranlib... ranlib
checking command to parse /usr/bin/nm -B output from gcc object... ok
checking for sysroot... no
checking for a working dd... /usr/bin/dd
checking how to truncate binary pipes... /usr/bin/dd bs=4096 count=1
checking for mt... no
checking if : is a manifest tool... no
checking how to run the C preprocessor... gcc -E
checking for ANSI C header files... yes
checking for sys/types.h... yes
checking for sys/stat.h... yes
checking for stdlib.h... yes
checking for string.h... yes
checking for memory.h... yes
checking for strings.h... yes
checking for inttypes.h... yes
checking for stdint.h... yes
checking for unistd.h... yes
checking for dlfcn.h... yes
checking for objdir... .libs
checking if gcc supports -fno-rtti -fno-exceptions... no
checking for gcc option to produce PIC... -fPIC -DPIC
checking if gcc PIC flag -fPIC -DPIC works... yes
checking if gcc static flag -static works... yes
checking if gcc supports -c -o file.o... yes
checking if gcc supports -c -o file.o... (cached) yes
checking whether the gcc linker (/usr/bin/ld -m elf_x86_64) supports shared libraries... yes
checking whether -lc should be explicitly linked in... no
checking dynamic linker characteristics... GNU/Linux ld.so
checking how to hardcode library paths into programs... immediate
checking whether stripping libraries is possible... yes
checking if libtool supports shared libraries... yes
checking whether to build shared libraries... yes
checking whether to build static libraries... yes
checking dependency style of gcc... gcc3
checking zfs author... OpenZFS on Linux
checking zfs license... CDDL
checking linux distribution... arch
checking default package type... tgz
checking default init directory... /etc/init.d
checking default init script type... lsb
checking whether rpm is available... no
checking whether rpmbuild is available... no
checking whether spec files are available... yes (rpm/generic/*.spec.in)
checking whether dpkg is available... no
checking whether dpkg-buildpackage is available... no
checking whether alien is available... no
checking zfs config... user
checking for -Wno-unused-but-set-variable support... yes
checking for udev directories... /lib/udev;/lib/udev/rules.d
checking for dracut directory... /usr/lib/dracut
checking for target asm dir... asm-x86_64
checking zlib.h usability... yes
checking zlib.h presence... yes
checking for zlib.h... yes
checking for compress2 in -lz... yes
checking for uncompress in -lz... yes
checking for crc32 in -lz... yes
checking uuid/uuid.h usability... yes
checking uuid/uuid.h presence... yes
checking for uuid/uuid.h... yes
checking for uuid_generate in -luuid... yes
checking for uuid_is_null in -luuid... yes
checking for blkid_get_cache in -lblkid... yes
checking for blkid zfs support... yes
checking for -Wframe-larger-than=<size> support... yes
checking for mlockall... yes
checking whether debugging is enabled... no
checking whether dmu tx validation is enabled... no
checking that generated files are newer than configure... done
configure: creating ./config.status
config.status: creating Makefile
config.status: creating dracut/Makefile
config.status: creating dracut/90zfs/Makefile
config.status: creating udev/Makefile
config.status: creating udev/rules.d/Makefile
config.status: creating etc/Makefile
config.status: creating etc/init.d/Makefile
config.status: creating etc/zfs/Makefile
config.status: creating etc/systemd/Makefile
config.status: creating etc/systemd/system/Makefile
config.status: creating etc/modules-load.d/Makefile
config.status: creating man/Makefile
config.status: creating man/man1/Makefile
config.status: creating man/man5/Makefile
config.status: creating man/man8/Makefile
config.status: creating lib/Makefile
config.status: creating lib/libspl/Makefile
config.status: creating lib/libspl/asm-generic/Makefile
config.status: creating lib/libspl/asm-i386/Makefile
config.status: creating lib/libspl/asm-x86_64/Makefile
config.status: creating lib/libspl/include/Makefile
config.status: creating lib/libspl/include/ia32/Makefile
config.status: creating lib/libspl/include/ia32/sys/Makefile
config.status: creating lib/libspl/include/rpc/Makefile
config.status: creating lib/libspl/include/sys/Makefile
config.status: creating lib/libspl/include/sys/sysevent/Makefile
config.status: creating lib/libspl/include/sys/dktp/Makefile
config.status: creating lib/libspl/include/util/Makefile
config.status: creating lib/libavl/Makefile
config.status: creating lib/libefi/Makefile
config.status: creating lib/libnvpair/Makefile
config.status: creating lib/libunicode/Makefile
config.status: creating lib/libuutil/Makefile
config.status: creating lib/libzpool/Makefile
config.status: creating lib/libzfs/libzfs.pc
config.status: creating lib/libzfs/libzfs_core.pc
config.status: creating lib/libzfs/Makefile
config.status: creating lib/libzfs_core/Makefile
config.status: creating lib/libshare/Makefile
config.status: creating cmd/Makefile
config.status: creating cmd/zdb/Makefile
config.status: creating cmd/zhack/Makefile
config.status: creating cmd/zfs/Makefile
config.status: creating cmd/zinject/Makefile
config.status: creating cmd/zpool/Makefile
config.status: creating cmd/zstreamdump/Makefile
config.status: creating cmd/ztest/Makefile
config.status: creating cmd/zpios/Makefile
config.status: creating cmd/mount_zfs/Makefile
config.status: creating cmd/fsck_zfs/Makefile
config.status: creating cmd/zvol_id/Makefile
config.status: creating cmd/vdev_id/Makefile
config.status: creating cmd/arcstat/Makefile
config.status: creating cmd/dbufstat/Makefile
config.status: creating cmd/arc_summary/Makefile
config.status: creating cmd/zed/Makefile
config.status: creating contrib/Makefile
config.status: creating contrib/bash_completion.d/Makefile
config.status: creating module/Makefile
config.status: creating module/avl/Makefile
config.status: creating module/nvpair/Makefile
config.status: creating module/unicode/Makefile
config.status: creating module/zcommon/Makefile
config.status: creating module/zfs/Makefile
config.status: creating module/zpios/Makefile
config.status: creating include/Makefile
config.status: creating include/linux/Makefile
config.status: creating include/sys/Makefile
config.status: creating include/sys/fs/Makefile
config.status: creating include/sys/fm/Makefile
config.status: creating include/sys/fm/fs/Makefile
config.status: creating scripts/Makefile
config.status: creating scripts/zpios-profile/Makefile
config.status: creating scripts/zpios-test/Makefile
config.status: creating scripts/zpool-config/Makefile
config.status: creating scripts/common.sh
config.status: creating rpm/Makefile
config.status: creating rpm/redhat/Makefile
config.status: creating rpm/redhat/zfs.spec
config.status: creating rpm/redhat/zfs-kmod.spec
config.status: creating rpm/redhat/zfs-dkms.spec
config.status: creating rpm/generic/Makefile
config.status: creating rpm/generic/zfs.spec
config.status: creating rpm/generic/zfs-kmod.spec
config.status: creating rpm/generic/zfs-dkms.spec
config.status: creating zfs-script-config.sh
config.status: creating zfs.release
config.status: creating zfs_config.h
config.status: executing depfiles commands
config.status: executing libtool commands
make  all-recursive
make[1]: Entering directory '/build/zfs-utils-lts/src/zfs-0.6.4.2'
Making all in include
make[2]: Entering directory '/build/zfs-utils-lts/src/zfs-0.6.4.2/include'
Making all in linux
make[3]: Entering directory '/build/zfs-utils-lts/src/zfs-0.6.4.2/include/linux'
make[3]: Nothing to be done for 'all'.
make[3]: Leaving directory '/build/zfs-utils-lts/src/zfs-0.6.4.2/include/linux'
Making all in sys
make[3]: Entering directory '/build/zfs-utils-lts/src/zfs-0.6.4.2/include/sys'
Making all in fm
make[4]: Entering directory '/build/zfs-utils-lts/src/zfs-0.6.4.2/include/sys/fm'
Making all in fs
make[5]: Entering directory '/build/zfs-utils-lts/src/zfs-0.6.4.2/include/sys/fm/fs'
make[5]: Nothing to be done for 'all'.
make[5]: Leaving directory '/build/zfs-utils-lts/src/zfs-0.6.4.2/include/sys/fm/fs'
make[5]: Entering directory '/build/zfs-utils-lts/src/zfs-0.6.4.2/include/sys/fm'
make[5]: Nothing to be done for 'all-am'.
make[5]: Leaving directory '/build/zfs-utils-lts/src/zfs-0.6.4.2/include/sys/fm'
make[4]: Leaving directory '/build/zfs-utils-lts/src/zfs-0.6.4.2/include/sys/fm'
Making all in fs
make[4]: Entering directory '/build/zfs-utils-lts/src/zfs-0.6.4.2/include/sys/fs'
make[4]: Nothing to be done for 'all'.
make[4]: Leaving directory '/build/zfs-utils-lts/src/zfs-0.6.4.2/include/sys/fs'
make[4]: Entering directory '/build/zfs-utils-lts/src/zfs-0.6.4.2/include/sys'
make[4]: Nothing to be done for 'all-am'.
make[4]: Leaving directory '/build/zfs-utils-lts/src/zfs-0.6.4.2/include/sys'
make[3]: Leaving directory '/build/zfs-utils-lts/src/zfs-0.6.4.2/include/sys'
make[3]: Entering directory '/build/zfs-utils-lts/src/zfs-0.6.4.2/include'
make[3]: Nothing to be done for 'all-am'.
make[3]: Leaving directory '/build/zfs-utils-lts/src/zfs-0.6.4.2/include'
make[2]: Leaving directory '/build/zfs-utils-lts/src/zfs-0.6.4.2/include'
Making all in rpm
make[2]: Entering directory '/build/zfs-utils-lts/src/zfs-0.6.4.2/rpm'
Making all in generic
make[3]: Entering directory '/build/zfs-utils-lts/src/zfs-0.6.4.2/rpm/generic'
make[3]: Nothing to be done for 'all'.
make[3]: Leaving directory '/build/zfs-utils-lts/src/zfs-0.6.4.2/rpm/generic'
Making all in redhat
make[3]: Entering directory '/build/zfs-utils-lts/src/zfs-0.6.4.2/rpm/redhat'
make[3]: Nothing to be done for 'all'.
make[3]: Leaving directory '/build/zfs-utils-lts/src/zfs-0.6.4.2/rpm/redhat'
make[3]: Entering directory '/build/zfs-utils-lts/src/zfs-0.6.4.2/rpm'
make[3]: Nothing to be done for 'all-am'.
make[3]: Leaving directory '/build/zfs-utils-lts/src/zfs-0.6.4.2/rpm'
make[2]: Leaving directory '/build/zfs-utils-lts/src/zfs-0.6.4.2/rpm'
Making all in dracut
make[2]: Entering directory '/build/zfs-utils-lts/src/zfs-0.6.4.2/dracut'
Making all in 90zfs
make[3]: Entering directory '/build/zfs-utils-lts/src/zfs-0.6.4.2/dracut/90zfs'
/usr/bin/sed -e 's,@bindir\@,/usr/bin,g' \
	-e 's,@sbindir\@,/usr/bin,g' \
	-e 's,@udevdir\@,/lib/udev,g' \
	-e 's,@udevruledir\@,/lib/udev/rules.d,g' \
	-e 's,@sysconfdir\@,/etc,g' \
	'../../dracut/90zfs/export-zfs.sh.in' >'../../dracut/90zfs/export-zfs.sh'
/usr/bin/sed -e 's,@bindir\@,/usr/bin,g' \
	-e 's,@sbindir\@,/usr/bin,g' \
	-e 's,@udevdir\@,/lib/udev,g' \
	-e 's,@udevruledir\@,/lib/udev/rules.d,g' \
	-e 's,@sysconfdir\@,/etc,g' \
	'../../dracut/90zfs/module-setup.sh.in' >'../../dracut/90zfs/module-setup.sh'
/usr/bin/sed -e 's,@bindir\@,/usr/bin,g' \
	-e 's,@sbindir\@,/usr/bin,g' \
	-e 's,@udevdir\@,/lib/udev,g' \
	-e 's,@udevruledir\@,/lib/udev/rules.d,g' \
	-e 's,@sysconfdir\@,/etc,g' \
	'../../dracut/90zfs/mount-zfs.sh.in' >'../../dracut/90zfs/mount-zfs.sh'
/usr/bin/sed -e 's,@bindir\@,/usr/bin,g' \
	-e 's,@sbindir\@,/usr/bin,g' \
	-e 's,@udevdir\@,/lib/udev,g' \
	-e 's,@udevruledir\@,/lib/udev/rules.d,g' \
	-e 's,@sysconfdir\@,/etc,g' \
	'../../dracut/90zfs/parse-zfs.sh.in' >'../../dracut/90zfs/parse-zfs.sh'
make[3]: Leaving directory '/build/zfs-utils-lts/src/zfs-0.6.4.2/dracut/90zfs'
make[3]: Entering directory '/build/zfs-utils-lts/src/zfs-0.6.4.2/dracut'
make[3]: Nothing to be done for 'all-am'.
make[3]: Leaving directory '/build/zfs-utils-lts/src/zfs-0.6.4.2/dracut'
make[2]: Leaving directory '/build/zfs-utils-lts/src/zfs-0.6.4.2/dracut'
Making all in udev
make[2]: Entering directory '/build/zfs-utils-lts/src/zfs-0.6.4.2/udev'
Making all in rules.d
make[3]: Entering directory '/build/zfs-utils-lts/src/zfs-0.6.4.2/udev/rules.d'
/usr/bin/sed -e 's,@bindir\@,/usr/bin,g' \
	-e 's,@sbindir\@,/usr/bin,g' \
	-e 's,@udevdir\@,/lib/udev,g' \
	-e 's,@udevruledir\@,/lib/udev/rules.d,g' \
	-e 's,@sysconfdir\@,/etc,g' \
	'../../udev/rules.d/69-vdev.rules.in' >'../../udev/rules.d/69-vdev.rules'
/usr/bin/sed -e 's,@bindir\@,/usr/bin,g' \
	-e 's,@sbindir\@,/usr/bin,g' \
	-e 's,@udevdir\@,/lib/udev,g' \
	-e 's,@udevruledir\@,/lib/udev/rules.d,g' \
	-e 's,@sysconfdir\@,/etc,g' \
	'../../udev/rules.d/60-zvol.rules.in' >'../../udev/rules.d/60-zvol.rules'
/usr/bin/sed -e 's,@bindir\@,/usr/bin,g' \
	-e 's,@sbindir\@,/usr/bin,g' \
	-e 's,@udevdir\@,/lib/udev,g' \
	-e 's,@udevruledir\@,/lib/udev/rules.d,g' \
	-e 's,@sysconfdir\@,/etc,g' \
	'../../udev/rules.d/90-zfs.rules.in' >'../../udev/rules.d/90-zfs.rules'
make[3]: Leaving directory '/build/zfs-utils-lts/src/zfs-0.6.4.2/udev/rules.d'
make[3]: Entering directory '/build/zfs-utils-lts/src/zfs-0.6.4.2/udev'
make[3]: Nothing to be done for 'all-am'.
make[3]: Leaving directory '/build/zfs-utils-lts/src/zfs-0.6.4.2/udev'
make[2]: Leaving directory '/build/zfs-utils-lts/src/zfs-0.6.4.2/udev'
Making all in etc
make[2]: Entering directory '/build/zfs-utils-lts/src/zfs-0.6.4.2/etc'
Making all in zfs
make[3]: Entering directory '/build/zfs-utils-lts/src/zfs-0.6.4.2/etc/zfs'
make[3]: Nothing to be done for 'all'.
make[3]: Leaving directory '/build/zfs-utils-lts/src/zfs-0.6.4.2/etc/zfs'
Making all in systemd
make[3]: Entering directory '/build/zfs-utils-lts/src/zfs-0.6.4.2/etc/systemd'
Making all in system
make[4]: Entering directory '/build/zfs-utils-lts/src/zfs-0.6.4.2/etc/systemd/system'
/usr/bin/sed -e 's,@bindir\@,/usr/bin,g' \
	-e 's,@runstatedir\@,/usr/var/run,g' \
	-e 's,@sbindir\@,/usr/bin,g' \
	-e 's,@sysconfdir\@,/etc,g' \
	'../../../etc/systemd/system/50-zfs.preset.in' >'../../../etc/systemd/system/50-zfs.preset'
/usr/bin/sed -e 's,@bindir\@,/usr/bin,g' \
	-e 's,@runstatedir\@,/usr/var/run,g' \
	-e 's,@sbindir\@,/usr/bin,g' \
	-e 's,@sysconfdir\@,/etc,g' \
	'../../../etc/systemd/system/zed.service.in' >'../../../etc/systemd/system/zed.service'
/usr/bin/sed -e 's,@bindir\@,/usr/bin,g' \
	-e 's,@runstatedir\@,/usr/var/run,g' \
	-e 's,@sbindir\@,/usr/bin,g' \
	-e 's,@sysconfdir\@,/etc,g' \
	'../../../etc/systemd/system/zfs-import-cache.service.in' >'../../../etc/systemd/system/zfs-import-cache.service'
/usr/bin/sed -e 's,@bindir\@,/usr/bin,g' \
	-e 's,@runstatedir\@,/usr/var/run,g' \
	-e 's,@sbindir\@,/usr/bin,g' \
	-e 's,@sysconfdir\@,/etc,g' \
	'../../../etc/systemd/system/zfs-import-scan.service.in' >'../../../etc/systemd/system/zfs-import-scan.service'
/usr/bin/sed -e 's,@bindir\@,/usr/bin,g' \
	-e 's,@runstatedir\@,/usr/var/run,g' \
	-e 's,@sbindir\@,/usr/bin,g' \
	-e 's,@sysconfdir\@,/etc,g' \
	'../../../etc/systemd/system/zfs-mount.service.in' >'../../../etc/systemd/system/zfs-mount.service'
/usr/bin/sed -e 's,@bindir\@,/usr/bin,g' \
	-e 's,@runstatedir\@,/usr/var/run,g' \
	-e 's,@sbindir\@,/usr/bin,g' \
	-e 's,@sysconfdir\@,/etc,g' \
	'../../../etc/systemd/system/zfs-share.service.in' >'../../../etc/systemd/system/zfs-share.service'
/usr/bin/sed -e 's,@bindir\@,/usr/bin,g' \
	-e 's,@runstatedir\@,/usr/var/run,g' \
	-e 's,@sbindir\@,/usr/bin,g' \
	-e 's,@sysconfdir\@,/etc,g' \
	'../../../etc/systemd/system/zfs.target.in' >'../../../etc/systemd/system/zfs.target'
make[4]: Leaving directory '/build/zfs-utils-lts/src/zfs-0.6.4.2/etc/systemd/system'
make[4]: Entering directory '/build/zfs-utils-lts/src/zfs-0.6.4.2/etc/systemd'
make[4]: Nothing to be done for 'all-am'.
make[4]: Leaving directory '/build/zfs-utils-lts/src/zfs-0.6.4.2/etc/systemd'
make[3]: Leaving directory '/build/zfs-utils-lts/src/zfs-0.6.4.2/etc/systemd'
Making all in init.d
make[3]: Entering directory '/build/zfs-utils-lts/src/zfs-0.6.4.2/etc/init.d'
/usr/bin/sed -e 's,@bindir\@,/usr/bin,g' \
	-e 's,@sbindir\@,/usr/bin,g' \
	-e 's,@udevdir\@,/lib/udev,g' \
	-e 's,@udevruledir\@,/lib/udev/rules.d,g' \
	-e 's,@sysconfdir\@,/etc,g' \
	-e 's,@initdir\@,/etc/init.d,g' \
	-e 's,@runstatedir\@,/usr/var/run,g' \
	'zfs.lsb.in' >'zfs'
make[3]: Leaving directory '/build/zfs-utils-lts/src/zfs-0.6.4.2/etc/init.d'
Making all in modules-load.d
make[3]: Entering directory '/build/zfs-utils-lts/src/zfs-0.6.4.2/etc/modules-load.d'
/usr/bin/sed \
	-e '' \
	'../../etc/modules-load.d/zfs.conf.in' >'../../etc/modules-load.d/zfs.conf'
make[3]: Leaving directory '/build/zfs-utils-lts/src/zfs-0.6.4.2/etc/modules-load.d'
make[3]: Entering directory '/build/zfs-utils-lts/src/zfs-0.6.4.2/etc'
make[3]: Nothing to be done for 'all-am'.
make[3]: Leaving directory '/build/zfs-utils-lts/src/zfs-0.6.4.2/etc'
make[2]: Leaving directory '/build/zfs-utils-lts/src/zfs-0.6.4.2/etc'
Making all in man
make[2]: Entering directory '/build/zfs-utils-lts/src/zfs-0.6.4.2/man'
Making all in man1
make[3]: Entering directory '/build/zfs-utils-lts/src/zfs-0.6.4.2/man/man1'
make[3]: Nothing to be done for 'all'.
make[3]: Leaving directory '/build/zfs-utils-lts/src/zfs-0.6.4.2/man/man1'
Making all in man5
make[3]: Entering directory '/build/zfs-utils-lts/src/zfs-0.6.4.2/man/man5'
make[3]: Nothing to be done for 'all'.
make[3]: Leaving directory '/build/zfs-utils-lts/src/zfs-0.6.4.2/man/man5'
Making all in man8
make[3]: Entering directory '/build/zfs-utils-lts/src/zfs-0.6.4.2/man/man8'
rm -f zed.8 zed.8.tmp
srcdir=''; \
  test -f ./zed.8.in || srcdir=./; \
  /usr/bin/sed -e 's|@libexecdir[@]|/usr/lib/zfs-0.6.4.2|g' -e 's|@runstatedir[@]|/usr/var/run|g' -e 's|@sysconfdir[@]|/etc|g' ${srcdir}zed.8.in >zed.8.tmp
mv zed.8.tmp zed.8
make[3]: Leaving directory '/build/zfs-utils-lts/src/zfs-0.6.4.2/man/man8'
make[3]: Entering directory '/build/zfs-utils-lts/src/zfs-0.6.4.2/man'
make[3]: Nothing to be done for 'all-am'.
make[3]: Leaving directory '/build/zfs-utils-lts/src/zfs-0.6.4.2/man'
make[2]: Leaving directory '/build/zfs-utils-lts/src/zfs-0.6.4.2/man'
Making all in scripts
make[2]: Entering directory '/build/zfs-utils-lts/src/zfs-0.6.4.2/scripts'
Making all in zpool-config
make[3]: Entering directory '/build/zfs-utils-lts/src/zfs-0.6.4.2/scripts/zpool-config'
make[3]: Nothing to be done for 'all'.
make[3]: Leaving directory '/build/zfs-utils-lts/src/zfs-0.6.4.2/scripts/zpool-config'
Making all in zpios-test
make[3]: Entering directory '/build/zfs-utils-lts/src/zfs-0.6.4.2/scripts/zpios-test'
make[3]: Nothing to be done for 'all'.
make[3]: Leaving directory '/build/zfs-utils-lts/src/zfs-0.6.4.2/scripts/zpios-test'
Making all in zpios-profile
make[3]: Entering directory '/build/zfs-utils-lts/src/zfs-0.6.4.2/scripts/zpios-profile'
make[3]: Nothing to be done for 'all'.
make[3]: Leaving directory '/build/zfs-utils-lts/src/zfs-0.6.4.2/scripts/zpios-profile'
make[3]: Entering directory '/build/zfs-utils-lts/src/zfs-0.6.4.2/scripts'
make[3]: Nothing to be done for 'all-am'.
make[3]: Leaving directory '/build/zfs-utils-lts/src/zfs-0.6.4.2/scripts'
make[2]: Leaving directory '/build/zfs-utils-lts/src/zfs-0.6.4.2/scripts'
Making all in lib
make[2]: Entering directory '/build/zfs-utils-lts/src/zfs-0.6.4.2/lib'
Making all in libspl
make[3]: Entering directory '/build/zfs-utils-lts/src/zfs-0.6.4.2/lib/libspl'
Making all in include
make[4]: Entering directory '/build/zfs-utils-lts/src/zfs-0.6.4.2/lib/libspl/include'
Making all in ia32
make[5]: Entering directory '/build/zfs-utils-lts/src/zfs-0.6.4.2/lib/libspl/include/ia32'
Making all in sys
make[6]: Entering directory '/build/zfs-utils-lts/src/zfs-0.6.4.2/lib/libspl/include/ia32/sys'
make[6]: Nothing to be done for 'all'.
make[6]: Leaving directory '/build/zfs-utils-lts/src/zfs-0.6.4.2/lib/libspl/include/ia32/sys'
make[6]: Entering directory '/build/zfs-utils-lts/src/zfs-0.6.4.2/lib/libspl/include/ia32'
make[6]: Nothing to be done for 'all-am'.
make[6]: Leaving directory '/build/zfs-utils-lts/src/zfs-0.6.4.2/lib/libspl/include/ia32'
make[5]: Leaving directory '/build/zfs-utils-lts/src/zfs-0.6.4.2/lib/libspl/include/ia32'
Making all in rpc
make[5]: Entering directory '/build/zfs-utils-lts/src/zfs-0.6.4.2/lib/libspl/include/rpc'
make[5]: Nothing to be done for 'all'.
make[5]: Leaving directory '/build/zfs-utils-lts/src/zfs-0.6.4.2/lib/libspl/include/rpc'
Making all in sys
make[5]: Entering directory '/build/zfs-utils-lts/src/zfs-0.6.4.2/lib/libspl/include/sys'
Making all in dktp
make[6]: Entering directory '/build/zfs-utils-lts/src/zfs-0.6.4.2/lib/libspl/include/sys/dktp'
make[6]: Nothing to be done for 'all'.
make[6]: Leaving directory '/build/zfs-utils-lts/src/zfs-0.6.4.2/lib/libspl/include/sys/dktp'
Making all in sysevent
make[6]: Entering directory '/build/zfs-utils-lts/src/zfs-0.6.4.2/lib/libspl/include/sys/sysevent'
make[6]: Nothing to be done for 'all'.
make[6]: Leaving directory '/build/zfs-utils-lts/src/zfs-0.6.4.2/lib/libspl/include/sys/sysevent'
make[6]: Entering directory '/build/zfs-utils-lts/src/zfs-0.6.4.2/lib/libspl/include/sys'
make[6]: Nothing to be done for 'all-am'.
make[6]: Leaving directory '/build/zfs-utils-lts/src/zfs-0.6.4.2/lib/libspl/include/sys'
make[5]: Leaving directory '/build/zfs-utils-lts/src/zfs-0.6.4.2/lib/libspl/include/sys'
Making all in util
make[5]: Entering directory '/build/zfs-utils-lts/src/zfs-0.6.4.2/lib/libspl/include/util'
make[5]: Nothing to be done for 'all'.
make[5]: Leaving directory '/build/zfs-utils-lts/src/zfs-0.6.4.2/lib/libspl/include/util'
make[5]: Entering directory '/build/zfs-utils-lts/src/zfs-0.6.4.2/lib/libspl/include'
make[5]: Nothing to be done for 'all-am'.
make[5]: Leaving directory '/build/zfs-utils-lts/src/zfs-0.6.4.2/lib/libspl/include'
make[4]: Leaving directory '/build/zfs-utils-lts/src/zfs-0.6.4.2/lib/libspl/include'
Making all in asm-x86_64
make[4]: Entering directory '/build/zfs-utils-lts/src/zfs-0.6.4.2/lib/libspl/asm-x86_64'
make[4]: Nothing to be done for 'all'.
make[4]: Leaving directory '/build/zfs-utils-lts/src/zfs-0.6.4.2/lib/libspl/asm-x86_64'
make[4]: Entering directory '/build/zfs-utils-lts/src/zfs-0.6.4.2/lib/libspl'
  CC       getexecname.lo
  CC       getmntany.lo
  CC       gethrtime.lo
  CC       gethrestime.lo
  CC       list.lo
  CC       mkdirp.lo
  CC       strlcat.lo
  CC       strlcpy.lo
  CC       strnlen.lo
  CC       timestamp.lo
  CC       zone.lo
  CC       xdr.lo
  CPPAS    atomic.lo
  CCLD     libspl.la
make[4]: Leaving directory '/build/zfs-utils-lts/src/zfs-0.6.4.2/lib/libspl'
make[3]: Leaving directory '/build/zfs-utils-lts/src/zfs-0.6.4.2/lib/libspl'
Making all in libavl
make[3]: Entering directory '/build/zfs-utils-lts/src/zfs-0.6.4.2/lib/libavl'
  CC       avl.lo
  CCLD     libavl.la
make[3]: Leaving directory '/build/zfs-utils-lts/src/zfs-0.6.4.2/lib/libavl'
Making all in libefi
make[3]: Entering directory '/build/zfs-utils-lts/src/zfs-0.6.4.2/lib/libefi'
  CC       rdwr_efi.lo
  CCLD     libefi.la
make[3]: Leaving directory '/build/zfs-utils-lts/src/zfs-0.6.4.2/lib/libefi'
Making all in libshare
make[3]: Entering directory '/build/zfs-utils-lts/src/zfs-0.6.4.2/lib/libshare'
  CC       smb.lo
  CC       libshare.lo
  CC       nfs.lo
  CCLD     libshare.la
make[3]: Leaving directory '/build/zfs-utils-lts/src/zfs-0.6.4.2/lib/libshare'
Making all in libunicode
make[3]: Entering directory '/build/zfs-utils-lts/src/zfs-0.6.4.2/lib/libunicode'
  CC       uconv.lo
  CC       u8_textprep.lo
  CCLD     libunicode.la
make[3]: Leaving directory '/build/zfs-utils-lts/src/zfs-0.6.4.2/lib/libunicode'
Making all in libuutil
make[3]: Entering directory '/build/zfs-utils-lts/src/zfs-0.6.4.2/lib/libuutil'
  CC       uu_alloc.lo
  CC       uu_dprintf.lo
  CC       uu_avl.lo
  CC       uu_ident.lo
  CC       uu_list.lo
  CC       uu_misc.lo
  CC       uu_open.lo
  CC       uu_pname.lo
  CC       uu_string.lo
  CC       uu_strtoint.lo
  CCLD     libuutil.la
make[3]: Leaving directory '/build/zfs-utils-lts/src/zfs-0.6.4.2/lib/libuutil'
Making all in libnvpair
make[3]: Entering directory '/build/zfs-utils-lts/src/zfs-0.6.4.2/lib/libnvpair'
  CC       libnvpair.lo
  CC       nvpair.lo
  CC       nvpair_alloc_fixed.lo
  CC       nvpair_alloc_system.lo
  CC       fnvpair.lo
  CCLD     libnvpair.la
make[3]: Leaving directory '/build/zfs-utils-lts/src/zfs-0.6.4.2/lib/libnvpair'
Making all in libzpool
make[3]: Entering directory '/build/zfs-utils-lts/src/zfs-0.6.4.2/lib/libzpool'
  CC       taskq.lo
  CC       zfs_comutil.lo
  CC       kernel.lo
  CC       util.lo
  CC       zfs_deleg.lo
  CC       zfs_fletcher.lo
  CC       zfs_namecheck.lo
  CC       zfs_prop.lo
  CC       zfs_uio.lo
  CC       zpool_prop.lo
  CC       zprop_common.lo
  CC       arc.lo
  CC       blkptr.lo
  CC       bplist.lo
  CC       bpobj.lo
  CC       bptree.lo
  CC       dbuf.lo
  CC       dbuf_stats.lo
  CC       ddt.lo
  CC       ddt_zap.lo
  CC       dmu.lo
  CC       dmu_diff.lo
  CC       dmu_object.lo
  CC       dmu_objset.lo
  CC       dmu_send.lo
  CC       dmu_traverse.lo
  CC       dmu_tx.lo
  CC       dmu_zfetch.lo
  CC       dnode.lo
  CC       dnode_sync.lo
  CC       dsl_bookmark.lo
  CC       dsl_dataset.lo
  CC       dsl_deadlist.lo
  CC       dsl_deleg.lo
  CC       dsl_dir.lo
  CC       dsl_pool.lo
  CC       dsl_prop.lo
  CC       dsl_scan.lo
  CC       dsl_synctask.lo
  CC       dsl_destroy.lo
  CC       dsl_userhold.lo
  CC       fm.lo
  CC       gzip.lo
  CC       lzjb.lo
  CC       lz4.lo
  CC       metaslab.lo
  CC       range_tree.lo
  CC       refcount.lo
  CC       rrwlock.lo
  CC       sa.lo
  CC       sha256.lo
  CC       spa.lo
  CC       spa_boot.lo
  CC       spa_config.lo
  CC       spa_errlog.lo
  CC       spa_history.lo
  CC       spa_misc.lo
  CC       spa_stats.lo
  CC       space_map.lo
  CC       space_reftree.lo
  CC       txg.lo
  CC       trace.lo
  CC       uberblock.lo
  CC       unique.lo
  CC       vdev.lo
  CC       vdev_cache.lo
  CC       vdev_file.lo
  CC       vdev_label.lo
  CC       vdev_mirror.lo
  CC       vdev_missing.lo
  CC       vdev_queue.lo
  CC       vdev_raidz.lo
  CC       vdev_root.lo
  CC       zap.lo
  CC       zap_leaf.lo
  CC       zap_micro.lo
  CC       zfeature.lo
  CC       zfeature_common.lo
  CC       zfs_byteswap.lo
  CC       zfs_debug.lo
  CC       zfs_fm.lo
  CC       zfs_fuid.lo
  CC       zfs_sa.lo
  CC       zfs_znode.lo
  CC       zil.lo
  CC       zio.lo
  CC       zio_checksum.lo
  CC       zio_compress.lo
  CC       zio_inject.lo
  CC       zle.lo
  CC       zrlock.lo
  CCLD     libzpool.la
make[3]: Leaving directory '/build/zfs-utils-lts/src/zfs-0.6.4.2/lib/libzpool'
Making all in libzfs_core
make[3]: Entering directory '/build/zfs-utils-lts/src/zfs-0.6.4.2/lib/libzfs_core'
  CC       libzfs_core.lo
  CCLD     libzfs_core.la
make[3]: Leaving directory '/build/zfs-utils-lts/src/zfs-0.6.4.2/lib/libzfs_core'
Making all in libzfs
make[3]: Entering directory '/build/zfs-utils-lts/src/zfs-0.6.4.2/lib/libzfs'
  CC       libzfs_diff.lo
  CC       libzfs_changelist.lo
  CC       libzfs_dataset.lo
  CC       libzfs_config.lo
  CC       libzfs_fru.lo
  CC       libzfs_graph.lo
  CC       libzfs_import.lo
  CC       libzfs_iter.lo
  CC       libzfs_mount.lo
  CC       libzfs_pool.lo
  CC       libzfs_sendrecv.lo
  CC       libzfs_status.lo
  CC       libzfs_util.lo
  CCLD     libzfs.la
make[3]: Leaving directory '/build/zfs-utils-lts/src/zfs-0.6.4.2/lib/libzfs'
make[3]: Entering directory '/build/zfs-utils-lts/src/zfs-0.6.4.2/lib'
make[3]: Nothing to be done for 'all-am'.
make[3]: Leaving directory '/build/zfs-utils-lts/src/zfs-0.6.4.2/lib'
make[2]: Leaving directory '/build/zfs-utils-lts/src/zfs-0.6.4.2/lib'
Making all in cmd
make[2]: Entering directory '/build/zfs-utils-lts/src/zfs-0.6.4.2/cmd'
Making all in zfs
make[3]: Entering directory '/build/zfs-utils-lts/src/zfs-0.6.4.2/cmd/zfs'
  CC       zfs_iter.o
  CC       zfs_main.o
  CCLD     zfs
make[3]: Leaving directory '/build/zfs-utils-lts/src/zfs-0.6.4.2/cmd/zfs'
Making all in zpool
make[3]: Entering directory '/build/zfs-utils-lts/src/zfs-0.6.4.2/cmd/zpool'
  CC       zpool_iter.o
  CC       zpool_main.o
  CC       zpool_vdev.o
  CC       zpool_util.o
  CCLD     zpool
make[3]: Leaving directory '/build/zfs-utils-lts/src/zfs-0.6.4.2/cmd/zpool'
Making all in zdb
make[3]: Entering directory '/build/zfs-utils-lts/src/zfs-0.6.4.2/cmd/zdb'
  CC       zdb.o
  CC       zdb_il.o
  CCLD     zdb
make[3]: Leaving directory '/build/zfs-utils-lts/src/zfs-0.6.4.2/cmd/zdb'
Making all in zhack
make[3]: Entering directory '/build/zfs-utils-lts/src/zfs-0.6.4.2/cmd/zhack'
  CC       zhack.o
  CCLD     zhack
make[3]: Leaving directory '/build/zfs-utils-lts/src/zfs-0.6.4.2/cmd/zhack'
Making all in zinject
make[3]: Entering directory '/build/zfs-utils-lts/src/zfs-0.6.4.2/cmd/zinject'
  CC       zinject.o
  CC       translate.o
  CCLD     zinject
make[3]: Leaving directory '/build/zfs-utils-lts/src/zfs-0.6.4.2/cmd/zinject'
Making all in zstreamdump
make[3]: Entering directory '/build/zfs-utils-lts/src/zfs-0.6.4.2/cmd/zstreamdump'
  CC       zstreamdump.o
  CCLD     zstreamdump
make[3]: Leaving directory '/build/zfs-utils-lts/src/zfs-0.6.4.2/cmd/zstreamdump'
Making all in ztest
make[3]: Entering directory '/build/zfs-utils-lts/src/zfs-0.6.4.2/cmd/ztest'
  CC       ztest.o
  CCLD     ztest
make[3]: Leaving directory '/build/zfs-utils-lts/src/zfs-0.6.4.2/cmd/ztest'
Making all in zpios
make[3]: Entering directory '/build/zfs-utils-lts/src/zfs-0.6.4.2/cmd/zpios'
  CC       zpios_util.o
  CC       zpios_main.o
  CCLD     zpios
make[3]: Leaving directory '/build/zfs-utils-lts/src/zfs-0.6.4.2/cmd/zpios'
Making all in mount_zfs
make[3]: Entering directory '/build/zfs-utils-lts/src/zfs-0.6.4.2/cmd/mount_zfs'
  CC       mount_zfs.o
  CCLD     mount.zfs
make[3]: Leaving directory '/build/zfs-utils-lts/src/zfs-0.6.4.2/cmd/mount_zfs'
Making all in fsck_zfs
make[3]: Entering directory '/build/zfs-utils-lts/src/zfs-0.6.4.2/cmd/fsck_zfs'
make[3]: Nothing to be done for 'all'.
make[3]: Leaving directory '/build/zfs-utils-lts/src/zfs-0.6.4.2/cmd/fsck_zfs'
Making all in zvol_id
make[3]: Entering directory '/build/zfs-utils-lts/src/zfs-0.6.4.2/cmd/zvol_id'
  CC       zvol_id_main.o
  CCLD     zvol_id
make[3]: Leaving directory '/build/zfs-utils-lts/src/zfs-0.6.4.2/cmd/zvol_id'
Making all in vdev_id
make[3]: Entering directory '/build/zfs-utils-lts/src/zfs-0.6.4.2/cmd/vdev_id'
make[3]: Nothing to be done for 'all'.
make[3]: Leaving directory '/build/zfs-utils-lts/src/zfs-0.6.4.2/cmd/vdev_id'
Making all in arcstat
make[3]: Entering directory '/build/zfs-utils-lts/src/zfs-0.6.4.2/cmd/arcstat'
make[3]: Nothing to be done for 'all'.
make[3]: Leaving directory '/build/zfs-utils-lts/src/zfs-0.6.4.2/cmd/arcstat'
Making all in dbufstat
make[3]: Entering directory '/build/zfs-utils-lts/src/zfs-0.6.4.2/cmd/dbufstat'
make[3]: Nothing to be done for 'all'.
make[3]: Leaving directory '/build/zfs-utils-lts/src/zfs-0.6.4.2/cmd/dbufstat'
Making all in zed
make[3]: Entering directory '/build/zfs-utils-lts/src/zfs-0.6.4.2/cmd/zed'
  CC       zed.o
  CC       zed_exec.o
  CC       zed_conf.o
  CC       zed_event.o
  CC       zed_file.o
  CC       zed_log.o
  CC       zed_strings.o
  CCLD     zed
make[3]: Leaving directory '/build/zfs-utils-lts/src/zfs-0.6.4.2/cmd/zed'
Making all in arc_summary
make[3]: Entering directory '/build/zfs-utils-lts/src/zfs-0.6.4.2/cmd/arc_summary'
make[3]: Nothing to be done for 'all'.
make[3]: Leaving directory '/build/zfs-utils-lts/src/zfs-0.6.4.2/cmd/arc_summary'
make[3]: Entering directory '/build/zfs-utils-lts/src/zfs-0.6.4.2/cmd'
make[3]: Nothing to be done for 'all-am'.
make[3]: Leaving directory '/build/zfs-utils-lts/src/zfs-0.6.4.2/cmd'
make[2]: Leaving directory '/build/zfs-utils-lts/src/zfs-0.6.4.2/cmd'
Making all in contrib
make[2]: Entering directory '/build/zfs-utils-lts/src/zfs-0.6.4.2/contrib'
Making all in bash_completion.d
make[3]: Entering directory '/build/zfs-utils-lts/src/zfs-0.6.4.2/contrib/bash_completion.d'
make[3]: Nothing to be done for 'all'.
make[3]: Leaving directory '/build/zfs-utils-lts/src/zfs-0.6.4.2/contrib/bash_completion.d'
make[3]: Entering directory '/build/zfs-utils-lts/src/zfs-0.6.4.2/contrib'
make[3]: Nothing to be done for 'all-am'.
make[3]: Leaving directory '/build/zfs-utils-lts/src/zfs-0.6.4.2/contrib'
make[2]: Leaving directory '/build/zfs-utils-lts/src/zfs-0.6.4.2/contrib'
make[2]: Entering directory '/build/zfs-utils-lts/src/zfs-0.6.4.2'
make[2]: Nothing to be done for 'all-am'.
make[2]: Leaving directory '/build/zfs-utils-lts/src/zfs-0.6.4.2'
make[1]: Leaving directory '/build/zfs-utils-lts/src/zfs-0.6.4.2'
